#
# A fatal error has been detected by the Java Runtime Environment:
#
#  Internal Error (javaClasses.cpp:136), pid=12416, tid=4928
#  fatal error: Invalid layout of preloaded class
#
# JRE version:  (7.0_45-b18) (build )
# Java VM: Java HotSpot(TM) 64-Bit Server VM (24.45-b08 mixed mode windows-amd64 compressed oops)
# Failed to write core dump. Minidumps are not enabled by default on client versions of Windows
#
# If you would like to submit a bug report, please visit:
#   http://bugreport.sun.com/bugreport/crash.jsp
#

---------------  T H R E A D  ---------------

Current thread (0x0000000002502800):  JavaThread "Unknown thread" [_thread_in_vm, id=4928, stack(0x0000000002340000,0x0000000002440000)]

Stack: [0x0000000002340000,0x0000000002440000]

---------------  P R O C E S S  ---------------

Java Threads: ( => current thread )

Other Threads:

=>0x0000000002502800 (exited) JavaThread "Unknown thread" [_thread_in_vm, id=4928, stack(0x0000000002340000,0x0000000002440000)]

VM state:not at safepoint (not fully initialized)

VM Mutex/Monitor currently owned by a thread: None

GC Heap History (0 events):
No events

Deoptimization events (0 events):
No events

Internal exceptions (0 events):
No events

Events (10 events):
Event: 0.019 loading class 0x0000000002545a90 done
Event: 0.019 loading class 0x00000000025454b0 done
Event: 0.019 loading class 0x0000000002545490
Event: 0.019 loading class 0x000000000254d590
Event: 0.019 loading class 0x000000000254d590 done
Event: 0.019 loading class 0x000000000254d5c0
Event: 0.020 loading class 0x000000000254d5c0 done
Event: 0.020 loading class 0x000000000254d5f0
Event: 0.020 loading class 0x000000000254d5f0 done
Event: 0.020 loading class 0x0000000002545490 done


Dynamic libraries:
0x000007f6855a0000 - 0x000007f6855d3000 	C:\Program Files\Java\jre7\bin\javaw.exe
0x000007fde4710000 - 0x000007fde48d0000 	C:\Windows\SYSTEM32\ntdll.dll
0x000007fde4230000 - 0x000007fde4367000 	C:\Windows\system32\KERNEL32.DLL
0x000007fde1670000 - 0x000007fde1764000 	C:\Windows\system32\KERNELBASE.dll
0x000007fde3b20000 - 0x000007fde3bfe000 	C:\Windows\system32\ADVAPI32.dll
0x000007fde2f20000 - 0x000007fde306c000 	C:\Windows\system32\USER32.dll
0x000007fdde470000 - 0x000007fdde6da000 	C:\Windows\WinSxS\amd64_microsoft.windows.common-controls_6595b64144ccf1df_6.0.9200.16579_none_418ab7ef718b27ef\COMCTL32.dll
0x000007fde2e60000 - 0x000007fde2f05000 	C:\Windows\system32\msvcrt.dll
0x000007fde3ff0000 - 0x000007fde4038000 	C:\Windows\SYSTEM32\sechost.dll
0x000007fde40e0000 - 0x000007fde4225000 	C:\Windows\system32\RPCRT4.dll
0x000007fde39d0000 - 0x000007fde3b11000 	C:\Windows\system32\GDI32.dll
0x000007fde40a0000 - 0x000007fde40d9000 	C:\Windows\system32\IMM32.DLL
0x000007fde3070000 - 0x000007fde3186000 	C:\Windows\system32\MSCTF.dll
0x00000000749e0000 - 0x0000000074ab2000 	C:\Program Files\Java\jre7\bin\msvcr100.dll
0x0000000074210000 - 0x00000000749d9000 	C:\Program Files\Java\jre7\bin\server\jvm.dll
0x000007fddaf80000 - 0x000007fddaf89000 	C:\Windows\SYSTEM32\WSOCK32.dll
0x000007fddac10000 - 0x000007fddac30000 	C:\Windows\SYSTEM32\WINMM.dll
0x000007fde3190000 - 0x000007fde3197000 	C:\Windows\system32\PSAPI.DLL
0x000007fde4040000 - 0x000007fde4098000 	C:\Windows\system32\WS2_32.dll
0x000007fddaa30000 - 0x000007fddaa63000 	C:\Windows\SYSTEM32\WINMMBASE.dll
0x000007fde2e50000 - 0x000007fde2e59000 	C:\Windows\system32\NSI.dll
0x000007fde19e0000 - 0x000007fde1a2f000 	C:\Windows\SYSTEM32\cfgmgr32.dll
0x000007fde1770000 - 0x000007fde1792000 	C:\Windows\system32\DEVOBJ.dll
0x0000000074200000 - 0x000000007420f000 	C:\Program Files\Java\jre7\bin\verify.dll
0x00000000741d0000 - 0x00000000741f8000 	C:\Program Files\Java\jre7\bin\java.dll
0x00000000741b0000 - 0x00000000741c5000 	C:\Program Files\Java\jre7\bin\zip.dll

VM Arguments:
jvm_args: -Dfile.encoding=Cp1252 -Xbootclasspath:D:\programas\Android\adt-bundle-windows-x86_64-20130522\sdk\platforms\android-17\android.jar 
java_command: com.timemanager.util.DatabaseConfigUtil
Launcher Type: SUN_STANDARD

Environment Variables:
JAVA_HOME=C:\Program Files (x86)\Java\jdk1.7.0_11
PATH=C:\Program Files (x86)\NVIDIA Corporation\PhysX\Common;C:\Windows\system32;C:\Windows;C:\Windows\System32\Wbem;C:\Windows\System32\WindowsPowerShell\v1.0\;C:\Program Files (x86)\Java\jre7\bin;C:\Program Files (x86)\Java\jdk1.7.0_11\bin;C:\Program Files (x86)\MySQL\MySQL Utilities\;C:\Users\Claudivan\Documents\play-2.2.1;C:\Program Files (x86)\Heroku\bin;C:\Program Files (x86)\git\cmd;C:\Program Files\PostgreSQL\9.3\bin;C:\Users\Claudivan\Downloads\propelorm-Propel2-1469137\bin\propel;C:\wamp\bin\php\php5.4.16;C:\ProgramData\ComposerSetup\bin;C:\Program Files\nodejs;C:\Users\Claudivan\Compillers;C:\wamp\bin\php\php5.4.16\pear;C:\Users\Claudivan\AppData\Roaming\npm;.;
USERNAME=Claudivan
OS=Windows_NT
PROCESSOR_IDENTIFIER=Intel64 Family 6 Model 58 Stepping 9, GenuineIntel



---------------  S Y S T E M  ---------------

OS: Windows 8 , 64 bit Build 9200 

CPU:total 4 (2 cores per cpu, 2 threads per core) family 6 model 58 stepping 9, cmov, cx8, fxsr, mmx, sse, sse2, sse3, ssse3, sse4.1, sse4.2, popcnt, avx, erms, ht, tsc, tscinvbit, tscinv

Memory: 4k page, physical 6147076k(2619388k free), swap 7130116k(1948160k free)

vm_info: Java HotSpot(TM) 64-Bit Server VM (24.45-b08) for windows-amd64 JRE (1.7.0_45-b18), built on Oct  8 2013 05:47:22 by "java_re" with unknown MS VC++:1600

time: Tue May 27 15:59:12 2014
elapsed time: 0 seconds

